<?xml version="1.0" encoding="UTF-8"?>
<!-- Generated by org.testng.reporters.JUnitXMLReporter -->
<testsuite hostname="DESKTOP-KEV4HHF" ignored="2" name="Test-Runner-1" tests="4" failures="0" timestamp="2022-01-21T12:59:27 IST" time="220.044" errors="0">
  <testcase name="CreateOrgTest" time="53.776" classname="com.crm.comcast.organizationtest.OrganizationTest"/>
  <testcase name="CreateOrgWithIndustriesTypeTest" time="19.233" classname="com.crm.comcast.organizationtest.OrganizationTest"/>
  <testcase name="CreateContactTest" time="22.208" classname="com.crm.comcast.contacttest.ContactTest"/>
  <testcase name="CreateContactWithOrgTest" time="37.788" classname="com.crm.comcast.contacttest.ContactTest"/>
  <testcase name="@BeforeSuite configBS" time="0.0" classname="com.crm.comcast.genericutility.BaseAnnoationClass">
    <ignored/>
  </testcase> <!-- @BeforeSuite configBS -->
  <testcase name="@AfterSuite configAS" time="0.0" classname="com.crm.comcast.genericutility.BaseAnnoationClass">
    <ignored/>
  </testcase> <!-- @AfterSuite configAS -->
</testsuite> <!-- Test-Runner-1 -->
