<?xml version="1.0" encoding="UTF-8"?>
<!-- Generated by org.testng.reporters.JUnitXMLReporter -->
<testsuite hostname="DESKTOP-KEV4HHF" ignored="4" name="Test-Runner-1" tests="2" failures="0" timestamp="2022-01-21T13:30:04 IST" time="73.257" errors="0">
  <testcase name="CreateContactTest" time="21.317" classname="com.crm.comcast.contacttest.ContactTest"/>
  <testcase name="CreateOrgWithIndustriesTypeTest" time="22.116" classname="com.crm.comcast.organizationtest.OrganizationTest"/>
  <testcase name="@BeforeSuite configBS" time="0.0" classname="com.crm.comcast.genericutility.BaseAnnoationClass">
    <ignored/>
  </testcase> <!-- @BeforeSuite configBS -->
  <testcase name="@AfterSuite configAS" time="0.0" classname="com.crm.comcast.genericutility.BaseAnnoationClass">
    <ignored/>
  </testcase> <!-- @AfterSuite configAS -->
  <testcase name="CreateOrgTest" time="0.0" classname="com.crm.comcast.organizationtest.OrganizationTest">
    <ignored/>
  </testcase> <!-- CreateOrgTest -->
  <testcase name="CreateContactWithOrgTest" time="0.0" classname="com.crm.comcast.contacttest.ContactTest">
    <ignored/>
  </testcase> <!-- CreateContactWithOrgTest -->
</testsuite> <!-- Test-Runner-1 -->
