<?xml version="1.0" encoding="UTF-8"?>
<!-- Generated by org.testng.reporters.JUnitXMLReporter -->
<testsuite hostname="DESKTOP-KEV4HHF" ignored="2" name="Test-Runner-Chrome" tests="4" failures="0" timestamp="2022-01-21T16:24:02 IST" time="188.536" errors="0">
  <testcase name="CreateOrgTest" time="33.046" classname="com.crm.comcast.organizationtest.OrganizationTest"/>
  <testcase name="CreateOrgWithIndustriesTypeTest" time="25.615" classname="com.crm.comcast.organizationtest.OrganizationTest"/>
  <testcase name="CreateContactTest" time="24.57" classname="com.crm.comcast.contacttest.ContactTest"/>
  <testcase name="CreateContactWithOrgTest" time="41.641" classname="com.crm.comcast.contacttest.ContactTest"/>
  <testcase name="@BeforeSuite configBS" time="0.0" classname="com.crm.comcast.genericutility.BaseAnnoationClass">
    <ignored/>
  </testcase> <!-- @BeforeSuite configBS -->
  <testcase name="@AfterSuite configAS" time="0.0" classname="com.crm.comcast.genericutility.BaseAnnoationClass">
    <ignored/>
  </testcase> <!-- @AfterSuite configAS -->
</testsuite> <!-- Test-Runner-Chrome -->
