<?xml version="1.0" encoding="UTF-8"?>
<!-- Generated by org.testng.reporters.JUnitReportReporter -->
<testsuite skipped="0" hostname="DESKTOP-KEV4HHF" name="com.crm.comCastContactTest.CreateContactTest" tests="2" failures="0" timestamp="2022-01-25T21:43:42 IST" time="0.007" errors="0">
  <testcase name="createContactTest" time="0.007" classname="com.crm.comCastContactTest.CreateContactTest"/>
  <system-out/>
  <testcase name="modifyContactTest" time="0.000" classname="com.crm.comCastContactTest.CreateContactTest"/>
  <system-out/>
</testsuite> <!-- com.crm.comCastContactTest.CreateContactTest -->
