<?xml version="1.0" encoding="UTF-8"?>
<!-- Generated by org.testng.reporters.JUnitReportReporter -->
<testsuite skipped="0" hostname="DESKTOP-KEV4HHF" name="com.crm.comCastOrgTest.CreateOrgTest" tests="2" failures="0" timestamp="2022-01-25T21:44:40 IST" time="0.008" errors="0">
  <testcase name="createOrgTest" time="0.008" classname="com.crm.comCastOrgTest.CreateOrgTest"/>
  <system-out/>
  <testcase name="modifyOrgTest" time="0.000" classname="com.crm.comCastOrgTest.CreateOrgTest"/>
  <system-out/>
</testsuite> <!-- com.crm.comCastOrgTest.CreateOrgTest -->
