<?xml version="1.0" encoding="UTF-8"?>
<!-- Generated by org.testng.reporters.JUnitXMLReporter -->
<testsuite hostname="DESKTOP-KEV4HHF" ignored="3" name="Test-Runner-1" tests="2" failures="0" timestamp="2022-01-29T11:34:21 IST" time="142.857" errors="0">
  <testcase name="CreateOrgTest" time="71.706" classname="com.crm.comcast.organizationtest.OrganizationTest"/>
  <testcase name="CreateContactTest" time="26.364" classname="com.crm.comcast.contacttest.ContactTest"/>
  <testcase name="@BeforeSuite configBS" time="0.0" classname="com.crm.comcast.genericutility.BaseAnnoationClass">
    <ignored/>
  </testcase> <!-- @BeforeSuite configBS -->
  <testcase name="CreateOrgWithIndustriesTypeTest" time="0.0" classname="com.crm.comcast.organizationtest.OrganizationTest">
    <ignored/>
  </testcase> <!-- CreateOrgWithIndustriesTypeTest -->
  <testcase name="CreateContactWithOrgTest" time="0.0" classname="com.crm.comcast.contacttest.ContactTest">
    <ignored/>
  </testcase> <!-- CreateContactWithOrgTest -->
</testsuite> <!-- Test-Runner-1 -->
