<?xml version="1.0" encoding="UTF-8"?>
<!-- Generated by org.testng.reporters.JUnitXMLReporter -->
<testsuite hostname="DESKTOP-KEV4HHF" ignored="0" name="Test-Runner-1" tests="2" failures="1" timestamp="2022-02-01T11:02:59 IST" time="76.936" errors="0">
  <testcase name="CreateContactWithOrgTest" time="36.807" classname="TcreenShot.ScreenShotTest"/>
  <testcase name="contactTest" time="5.98" classname="TcreenShot.ScreenShotTest">
    <failure type="java.lang.AssertionError" message="expected [B] but found [A]">
      <![CDATA[java.lang.AssertionError: expected [B] but found [A]
at TcreenShot.ScreenShotTest.contactTest(ScreenShotTest.java:25)
at java.util.ArrayList.forEach(Unknown Source)
... Removed 33 stack frames]]>
    </failure>
  </testcase> <!-- contactTest -->
</testsuite> <!-- Test-Runner-1 -->
