<?xml version="1.0" encoding="UTF-8"?>
<!-- Generated by org.testng.reporters.JUnitXMLReporter -->
<testsuite hostname="DESKTOP-KEV4HHF" ignored="0" name="Test-Runner-1" tests="2" failures="0" timestamp="2022-01-21T15:40:29 IST" time="79.782" errors="0">
  <testcase name="CreateOrgTest" time="20.072" classname="com.crm.comcast.organizationtest.OrganizationTest"/>
  <testcase name="CreateOrgWithIndustriesTypeTest" time="19.124" classname="com.crm.comcast.organizationtest.OrganizationTest"/>
</testsuite> <!-- Test-Runner-1 -->
