<?xml version="1.0" encoding="UTF-8"?>
<!-- Generated by org.testng.reporters.JUnitXMLReporter -->
<testsuite hostname="DESKTOP-KEV4HHF" ignored="3" name="Test-Runner-1" tests="2" failures="0" timestamp="2022-01-21T15:14:05 IST" time="81.718" errors="0">
  <testcase name="CreateOrgWithIndustriesTypeTest" time="19.424" classname="com.crm.comcast.organizationtest.OrganizationTest"/>
  <testcase name="CreateContactWithOrgTest" time="35.218" classname="com.crm.comcast.contacttest.ContactTest"/>
  <testcase name="@BeforeSuite configBS" time="0.0" classname="com.crm.comcast.genericutility.BaseAnnoationClass">
    <ignored/>
  </testcase> <!-- @BeforeSuite configBS -->
  <testcase name="CreateOrgTest" time="0.0" classname="com.crm.comcast.organizationtest.OrganizationTest">
    <ignored/>
  </testcase> <!-- CreateOrgTest -->
  <testcase name="CreateContactTest" time="0.0" classname="com.crm.comcast.contacttest.ContactTest">
    <ignored/>
  </testcase> <!-- CreateContactTest -->
</testsuite> <!-- Test-Runner-1 -->
