<?xml version="1.0" encoding="UTF-8"?>
<!-- Generated by org.testng.reporters.JUnitXMLReporter -->
<testsuite hostname="DESKTOP-KEV4HHF" ignored="0" name="Test-Runner-1" tests="2" failures="0" timestamp="2022-01-21T15:48:48 IST" time="69.826" errors="0">
  <testcase name="CreateOrgTest" time="15.672" classname="com.crm.comcast.organizationtest.OrganizationTest"/>
  <testcase name="CreateOrgWithIndustriesTypeTest" time="16.492" classname="com.crm.comcast.organizationtest.OrganizationTest"/>
</testsuite> <!-- Test-Runner-1 -->
