<?xml version="1.0" encoding="UTF-8"?>
<!-- Generated by org.testng.reporters.JUnitXMLReporter -->
<testsuite hostname="DESKTOP-KEV4HHF" ignored="0" name="Test-Runner-2" tests="2" failures="0" timestamp="2022-01-21T15:48:53 IST" time="75.548" errors="0">
  <testcase name="CreateContactTest" time="12.756" classname="com.crm.comcast.contacttest.ContactTest"/>
  <testcase name="CreateContactWithOrgTest" time="33.609" classname="com.crm.comcast.contacttest.ContactTest"/>
</testsuite> <!-- Test-Runner-2 -->
