<?xml version="1.0" encoding="UTF-8"?>
<!-- Generated by org.testng.reporters.JUnitReportReporter -->
<testsuite skipped="0" hostname="DESKTOP-KEV4HHF" name="TestNG.Priority_CustomerTest" tests="3" failures="0" timestamp="2022-01-21T19:29:00 IST" time="0.017" errors="0">
  <testcase name="createCustomerTest" time="0.013" classname="TestNG.Priority_CustomerTest"/>
  <system-out/>
  <testcase name="modifyCustomerTest" time="0.003" classname="TestNG.Priority_CustomerTest"/>
  <system-out/>
  <testcase name="deleteCustomerTest" time="0.001" classname="TestNG.Priority_CustomerTest"/>
  <system-out/>
</testsuite> <!-- TestNG.Priority_CustomerTest -->
