<?xml version="1.0" encoding="UTF-8"?>
<!-- Generated by org.testng.reporters.JUnitReportReporter -->
<testsuite skipped="0" hostname="DESKTOP-KEV4HHF" name="com.crm.comcast.organizationtest.CreateOrgWithIndustriesTypeTest" tests="1" failures="0" timestamp="2022-01-20T17:36:20 IST" time="28.841" errors="0">
  <testcase name="CreateOrgWithIndustriesTypeTest" time="28.841" classname="com.crm.comcast.organizationtest.CreateOrgWithIndustriesTypeTest"/>
  <system-out/>
</testsuite> <!-- com.crm.comcast.organizationtest.CreateOrgWithIndustriesTypeTest -->
