<?xml version="1.0" encoding="UTF-8"?>
<!-- Generated by org.testng.reporters.JUnitReportReporter -->
<testsuite skipped="0" hostname="DESKTOP-KEV4HHF" name="JDBC.ProjectUnitTest" tests="1" failures="0" timestamp="2022-01-21T22:34:23 IST" time="0.423" errors="0">
  <testcase name="projetUnitTest" time="0.423" classname="JDBC.ProjectUnitTest"/>
  <system-out/>
</testsuite> <!-- JDBC.ProjectUnitTest -->
