<?xml version="1.0" encoding="UTF-8"?>
<!-- Generated by org.testng.reporters.JUnitReportReporter -->
<testsuite skipped="0" hostname="DESKTOP-KEV4HHF" name="TestNG.SampleTest_DataProvider1" tests="5" failures="0" timestamp="2022-01-20T17:31:19 IST" time="0.059" errors="0">
  <testcase name="bookTicket" time="0.005" classname="TestNG.SampleTest_DataProvider1"/>
  <system-out/>
  <testcase name="bookTicket" time="0.026" classname="TestNG.SampleTest_DataProvider1"/>
  <system-out/>
  <testcase name="bookTicket" time="0.007" classname="TestNG.SampleTest_DataProvider1"/>
  <system-out/>
  <testcase name="bookTicket" time="0.007" classname="TestNG.SampleTest_DataProvider1"/>
  <system-out/>
  <testcase name="bookTicket" time="0.014" classname="TestNG.SampleTest_DataProvider1"/>
  <system-out/>
</testsuite> <!-- TestNG.SampleTest_DataProvider1 -->
