<?xml version="1.0" encoding="UTF-8"?>
<!-- Generated by org.testng.reporters.JUnitReportReporter -->
<testsuite skipped="0" hostname="DESKTOP-KEV4HHF" name="com.crm.comcast.contacttest.CreateContactWithOrgTest" tests="1" failures="0" timestamp="2022-01-20T17:36:20 IST" time="42.346" errors="0">
  <testcase name="CreateContactWithOrgTest" time="42.346" classname="com.crm.comcast.contacttest.CreateContactWithOrgTest"/>
  <system-out/>
</testsuite> <!-- com.crm.comcast.contacttest.CreateContactWithOrgTest -->
