<?xml version="1.0" encoding="UTF-8"?>
<!-- Generated by org.testng.reporters.JUnitReportReporter -->
<testsuite skipped="0" hostname="DESKTOP-KEV4HHF" name="TestNG.InvocationCount_BankSendAmountTest" tests="4" failures="0" timestamp="2022-01-21T19:40:04 IST" time="0.036" errors="0">
  <testcase name="sendAmountTest" time="0.003" classname="TestNG.InvocationCount_BankSendAmountTest"/>
  <system-out/>
  <testcase name="sendAmountTest" time="0.010" classname="TestNG.InvocationCount_BankSendAmountTest"/>
  <system-out/>
  <testcase name="sendAmountTest" time="0.013" classname="TestNG.InvocationCount_BankSendAmountTest"/>
  <system-out/>
  <testcase name="sendAmountTest" time="0.010" classname="TestNG.InvocationCount_BankSendAmountTest"/>
  <system-out/>
</testsuite> <!-- TestNG.InvocationCount_BankSendAmountTest -->
