<?xml version="1.0" encoding="UTF-8"?>
<!-- Generated by org.testng.reporters.JUnitReportReporter -->
<testsuite skipped="0" hostname="DESKTOP-KEV4HHF" name="com.crm.comcast.contacttest.ContactTest" tests="1" failures="0" timestamp="2022-01-29T11:34:21 IST" time="35.630" errors="0">
  <testcase name="CreateContactTest" time="35.630" classname="com.crm.comcast.contacttest.ContactTest"/>
  <system-out/>
</testsuite> <!-- com.crm.comcast.contacttest.ContactTest -->
