<?xml version="1.0" encoding="UTF-8"?>
<!-- Generated by org.testng.reporters.JUnitReportReporter -->
<testsuite skipped="0" hostname="DESKTOP-KEV4HHF" name="TestNG.SampleTest_DataProvider3" tests="12" failures="0" timestamp="2022-01-20T22:37:34 IST" time="0.077" errors="0">
  <testcase name="addToCartTest" time="0.005" classname="TestNG.SampleTest_DataProvider3"/>
  <system-out/>
  <testcase name="addToCartTest" time="0.004" classname="TestNG.SampleTest_DataProvider3"/>
  <system-out/>
  <testcase name="addToCartTest" time="0.010" classname="TestNG.SampleTest_DataProvider3"/>
  <system-out/>
  <testcase name="addToCartTest" time="0.003" classname="TestNG.SampleTest_DataProvider3"/>
  <system-out/>
  <testcase name="addToCartTest" time="0.004" classname="TestNG.SampleTest_DataProvider3"/>
  <system-out/>
  <testcase name="addToCartTest" time="0.010" classname="TestNG.SampleTest_DataProvider3"/>
  <system-out/>
  <testcase name="addToCartTest" time="0.002" classname="TestNG.SampleTest_DataProvider3"/>
  <system-out/>
  <testcase name="addToCartTest" time="0.003" classname="TestNG.SampleTest_DataProvider3"/>
  <system-out/>
  <testcase name="addToCartTest" time="0.017" classname="TestNG.SampleTest_DataProvider3"/>
  <system-out/>
  <testcase name="addToCartTest" time="0.005" classname="TestNG.SampleTest_DataProvider3"/>
  <system-out/>
  <testcase name="addToCartTest" time="0.010" classname="TestNG.SampleTest_DataProvider3"/>
  <system-out/>
  <testcase name="addToCartTest" time="0.004" classname="TestNG.SampleTest_DataProvider3"/>
  <system-out/>
</testsuite> <!-- TestNG.SampleTest_DataProvider3 -->
