<?xml version="1.0" encoding="UTF-8"?>
<!-- Generated by org.testng.reporters.JUnitReportReporter -->
<testsuite skipped="0" hostname="DESKTOP-KEV4HHF" name="Assertion.HomePageTest" tests="2" failures="0" timestamp="2022-01-22T13:59:31 IST" time="51.648" errors="0">
  <testcase name="verifyHomePageLogoTest" time="29.907" classname="Assertion.HomePageTest"/>
  <system-out/>
  <testcase name="verifyHomePageTest" time="21.741" classname="Assertion.HomePageTest"/>
  <system-out/>
</testsuite> <!-- Assertion.HomePageTest -->
