<?xml version="1.0" encoding="UTF-8"?>
<!-- Generated by org.testng.reporters.JUnitReportReporter -->
<testsuite skipped="0" hostname="DESKTOP-KEV4HHF" name="TestNG.DependsOnMethod_Customer" tests="3" failures="0" timestamp="2022-01-21T19:35:39 IST" time="0.020" errors="0">
  <testcase name="modifyCustomerTest" time="0.002" classname="TestNG.DependsOnMethod_Customer"/>
  <system-out/>
  <testcase name="createCustomerTest" time="0.015" classname="TestNG.DependsOnMethod_Customer"/>
  <system-out/>
  <testcase name="deleteCustomerTest" time="0.003" classname="TestNG.DependsOnMethod_Customer"/>
  <system-out/>
</testsuite> <!-- TestNG.DependsOnMethod_Customer -->
