<?xml version="1.0" encoding="UTF-8"?>
<!-- Generated by org.testng.reporters.JUnitReportReporter -->
<testsuite skipped="0" hostname="DESKTOP-KEV4HHF" name="TestNG.SampleTest_DataProvider2" tests="5" failures="0" timestamp="2022-01-20T15:34:49 IST" time="0.038" errors="0">
  <testcase name="bookTicket" time="0.013" classname="TestNG.SampleTest_DataProvider2"/>
  <system-out/>
  <testcase name="bookTicket" time="0.006" classname="TestNG.SampleTest_DataProvider2"/>
  <system-out/>
  <testcase name="bookTicket" time="0.004" classname="TestNG.SampleTest_DataProvider2"/>
  <system-out/>
  <testcase name="bookTicket" time="0.009" classname="TestNG.SampleTest_DataProvider2"/>
  <system-out/>
  <testcase name="bookTicket" time="0.006" classname="TestNG.SampleTest_DataProvider2"/>
  <system-out/>
</testsuite> <!-- TestNG.SampleTest_DataProvider2 -->
